151210 22:20:34 mysqld_safe Starting mysqld.bin daemon with databases from /Applications/mampstack-5.5.30-1-deskka/mysql/data
2015-12-10 22:20:35 0 [Warning] TIMESTAMP with implicit DEFAULT value is deprecated. Please use --explicit_defaults_for_timestamp server option (see documentation for more details).
2015-12-10 22:20:35 0 [Note] /Applications/mampstack-5.5.30-1-deskka/mysql/bin/mysqld.bin (mysqld 5.6.26) starting as process 11533 ...
2015-12-10 22:20:35 11533 [Note] Plugin 'FEDERATED' is disabled.
2015-12-10 22:20:35 11533 [Note] InnoDB: Using atomics to ref count buffer pool pages
2015-12-10 22:20:35 11533 [Note] InnoDB: The InnoDB memory heap is disabled
2015-12-10 22:20:35 11533 [Note] InnoDB: Mutexes and rw_locks use GCC atomic builtins
2015-12-10 22:20:35 11533 [Note] InnoDB: Memory barrier is not used
2015-12-10 22:20:35 11533 [Note] InnoDB: Compressed tables use zlib 1.2.6
2015-12-10 22:20:35 11533 [Note] InnoDB: Using CPU crc32 instructions
2015-12-10 22:20:35 11533 [Note] InnoDB: Initializing buffer pool, size = 128.0M
2015-12-10 22:20:35 11533 [Note] InnoDB: Completed initialization of buffer pool
2015-12-10 22:20:35 11533 [Note] InnoDB: Highest supported file format is Barracuda.
2015-12-10 22:20:35 11533 [Note] InnoDB: 128 rollback segment(s) are active.
2015-12-10 22:20:35 11533 [Note] InnoDB: Waiting for purge to start
2015-12-10 22:20:35 11533 [Note] InnoDB: 5.6.26 started; log sequence number 1625987
2015-12-10 22:20:35 11533 [Warning] No existing UUID has been found, so we assume that this is the first time that this server has been started. Generating a new UUID: 8f9025ce-9f51-11e5-9c6a-82e4f20d6cf6.
2015-12-10 22:20:35 11533 [Note] RSA private key file not found: /Applications/mampstack-5.5.30-1-deskka/mysql/data//private_key.pem. Some authentication plugins will not work.
2015-12-10 22:20:35 11533 [Note] RSA public key file not found: /Applications/mampstack-5.5.30-1-deskka/mysql/data//public_key.pem. Some authentication plugins will not work.
2015-12-10 22:20:35 11533 [Note] Server hostname (bind-address): '127.0.0.1'; port: 3306
2015-12-10 22:20:35 11533 [Note]   - '127.0.0.1' resolves to '127.0.0.1';
2015-12-10 22:20:35 11533 [Note] Server socket created on IP: '127.0.0.1'.
2015-12-10 22:20:35 11533 [Note] Event Scheduler: Loaded 0 events
2015-12-10 22:20:35 11533 [Note] /Applications/mampstack-5.5.30-1-deskka/mysql/bin/mysqld.bin: ready for connections.
Version: '5.6.26'  socket: '/Applications/mampstack-5.5.30-1-deskka/mysql/tmp/mysql.sock'  port: 3306  Source distribution
2015-12-10 22:27:22 11533 [Note] /Applications/mampstack-5.5.30-1-deskka/mysql/bin/mysqld.bin: Normal shutdown

2015-12-10 22:27:22 11533 [Note] Giving 0 client threads a chance to die gracefully
2015-12-10 22:27:22 11533 [Note] Event Scheduler: Purging the queue. 0 events
2015-12-10 22:27:22 11533 [Note] Shutting down slave threads
2015-12-10 22:27:22 11533 [Note] Forcefully disconnecting 0 remaining clients
2015-12-10 22:27:22 11533 [Note] Binlog end
2015-12-10 22:27:22 11533 [Note] Shutting down plugin 'partition'
2015-12-10 22:27:22 11533 [Note] Shutting down plugin 'PERFORMANCE_SCHEMA'
2015-12-10 22:27:22 11533 [Note] Shutting down plugin 'INNODB_SYS_DATAFILES'
2015-12-10 22:27:22 11533 [Note] Shutting down plugin 'INNODB_SYS_TABLESPACES'
2015-12-10 22:27:22 11533 [Note] Shutting down plugin 'INNODB_SYS_FOREIGN_COLS'
2015-12-10 22:27:22 11533 [Note] Shutting down plugin 'INNODB_SYS_FOREIGN'
2015-12-10 22:27:22 11533 [Note] Shutting down plugin 'INNODB_SYS_FIELDS'
2015-12-10 22:27:22 11533 [Note] Shutting down plugin 'INNODB_SYS_COLUMNS'
2015-12-10 22:27:22 11533 [Note] Shutting down plugin 'INNODB_SYS_INDEXES'
2015-12-10 22:27:22 11533 [Note] Shutting down plugin 'INNODB_SYS_TABLESTATS'
2015-12-10 22:27:22 11533 [Note] Shutting down plugin 'INNODB_SYS_TABLES'
2015-12-10 22:27:22 11533 [Note] Shutting down plugin 'INNODB_FT_INDEX_TABLE'
2015-12-10 22:27:22 11533 [Note] Shutting down plugin 'INNODB_FT_INDEX_CACHE'
2015-12-10 22:27:22 11533 [Note] Shutting down plugin 'INNODB_FT_CONFIG'
2015-12-10 22:27:22 11533 [Note] Shutting down plugin 'INNODB_FT_BEING_DELETED'
2015-12-10 22:27:22 11533 [Note] Shutting down plugin 'INNODB_FT_DELETED'
2015-12-10 22:27:22 11533 [Note] Shutting down plugin 'INNODB_FT_DEFAULT_STOPWORD'
2015-12-10 22:27:22 11533 [Note] Shutting down plugin 'INNODB_METRICS'
2015-12-10 22:27:22 11533 [Note] Shutting down plugin 'INNODB_BUFFER_POOL_STATS'
2015-12-10 22:27:22 11533 [Note] Shutting down plugin 'INNODB_BUFFER_PAGE_LRU'
2015-12-10 22:27:22 11533 [Note] Shutting down plugin 'INNODB_BUFFER_PAGE'
2015-12-10 22:27:22 11533 [Note] Shutting down plugin 'INNODB_CMP_PER_INDEX_RESET'
2015-12-10 22:27:22 11533 [Note] Shutting down plugin 'INNODB_CMP_PER_INDEX'
2015-12-10 22:27:22 11533 [Note] Shutting down plugin 'INNODB_CMPMEM_RESET'
2015-12-10 22:27:22 11533 [Note] Shutting down plugin 'INNODB_CMPMEM'
2015-12-10 22:27:22 11533 [Note] Shutting down plugin 'INNODB_CMP_RESET'
2015-12-10 22:27:22 11533 [Note] Shutting down plugin 'INNODB_CMP'
2015-12-10 22:27:22 11533 [Note] Shutting down plugin 'INNODB_LOCK_WAITS'
2015-12-10 22:27:22 11533 [Note] Shutting down plugin 'INNODB_LOCKS'
2015-12-10 22:27:22 11533 [Note] Shutting down plugin 'INNODB_TRX'
2015-12-10 22:27:22 11533 [Note] Shutting down plugin 'InnoDB'
2015-12-10 22:27:22 11533 [Note] InnoDB: FTS optimize thread exiting.
2015-12-10 22:27:22 11533 [Note] InnoDB: Starting shutdown...
2015-12-10 22:27:23 11533 [Note] InnoDB: Shutdown completed; log sequence number 1625997
2015-12-10 22:27:23 11533 [Note] Shutting down plugin 'BLACKHOLE'
2015-12-10 22:27:23 11533 [Note] Shutting down plugin 'ARCHIVE'
2015-12-10 22:27:23 11533 [Note] Shutting down plugin 'MRG_MYISAM'
2015-12-10 22:27:23 11533 [Note] Shutting down plugin 'MyISAM'
2015-12-10 22:27:23 11533 [Note] Shutting down plugin 'MEMORY'
2015-12-10 22:27:23 11533 [Note] Shutting down plugin 'CSV'
2015-12-10 22:27:23 11533 [Note] Shutting down plugin 'sha256_password'
2015-12-10 22:27:23 11533 [Note] Shutting down plugin 'mysql_old_password'
2015-12-10 22:27:23 11533 [Note] Shutting down plugin 'mysql_native_password'
2015-12-10 22:27:23 11533 [Note] Shutting down plugin 'binlog'
2015-12-10 22:27:23 11533 [Note] /Applications/mampstack-5.5.30-1-deskka/mysql/bin/mysqld.bin: Shutdown complete

151210 22:27:23 mysqld_safe mysqld from pid file /Applications/mampstack-5.5.30-1-deskka/mysql/data/mysqld.pid ended
151210 22:27:30 mysqld_safe Starting mysqld.bin daemon with databases from /Applications/mampstack-5.5.30-1-deskka/mysql/data
2015-12-10 22:27:31 0 [Warning] TIMESTAMP with implicit DEFAULT value is deprecated. Please use --explicit_defaults_for_timestamp server option (see documentation for more details).
2015-12-10 22:27:31 0 [Note] /Applications/mampstack-5.5.30-1-deskka/mysql/bin/mysqld.bin (mysqld 5.6.26) starting as process 12233 ...
2015-12-10 22:27:31 12233 [Note] Plugin 'FEDERATED' is disabled.
2015-12-10 22:27:31 12233 [Note] InnoDB: Using atomics to ref count buffer pool pages
2015-12-10 22:27:31 12233 [Note] InnoDB: The InnoDB memory heap is disabled
2015-12-10 22:27:31 12233 [Note] InnoDB: Mutexes and rw_locks use GCC atomic builtins
2015-12-10 22:27:31 12233 [Note] InnoDB: Memory barrier is not used
2015-12-10 22:27:31 12233 [Note] InnoDB: Compressed tables use zlib 1.2.6
2015-12-10 22:27:31 12233 [Note] InnoDB: Using CPU crc32 instructions
2015-12-10 22:27:31 12233 [Note] InnoDB: Initializing buffer pool, size = 128.0M
2015-12-10 22:27:31 12233 [Note] InnoDB: Completed initialization of buffer pool
2015-12-10 22:27:31 12233 [Note] InnoDB: Highest supported file format is Barracuda.
2015-12-10 22:27:31 12233 [Note] InnoDB: 128 rollback segment(s) are active.
2015-12-10 22:27:31 12233 [Note] InnoDB: 5.6.26 started; log sequence number 1625997
2015-12-10 22:27:31 12233 [Note] RSA private key file not found: /Applications/mampstack-5.5.30-1-deskka/mysql/data//private_key.pem. Some authentication plugins will not work.
2015-12-10 22:27:31 12233 [Note] RSA public key file not found: /Applications/mampstack-5.5.30-1-deskka/mysql/data//public_key.pem. Some authentication plugins will not work.
2015-12-10 22:27:31 12233 [Note] Server hostname (bind-address): '127.0.0.1'; port: 3306
2015-12-10 22:27:31 12233 [Note]   - '127.0.0.1' resolves to '127.0.0.1';
2015-12-10 22:27:31 12233 [Note] Server socket created on IP: '127.0.0.1'.
2015-12-10 22:27:31 12233 [Note] Event Scheduler: Loaded 0 events
2015-12-10 22:27:31 12233 [Note] /Applications/mampstack-5.5.30-1-deskka/mysql/bin/mysqld.bin: ready for connections.
Version: '5.6.26'  socket: '/Applications/mampstack-5.5.30-1-deskka/mysql/tmp/mysql.sock'  port: 3306  Source distribution
2015-12-10 22:37:25 12233 [Note] /Applications/mampstack-5.5.30-1-deskka/mysql/bin/mysqld.bin: Normal shutdown

2015-12-10 22:37:25 12233 [Note] Giving 0 client threads a chance to die gracefully
2015-12-10 22:37:25 12233 [Note] Event Scheduler: Purging the queue. 0 events
2015-12-10 22:37:25 12233 [Note] Shutting down slave threads
2015-12-10 22:37:25 12233 [Note] Forcefully disconnecting 0 remaining clients
2015-12-10 22:37:25 12233 [Note] Binlog end
2015-12-10 22:37:25 12233 [Note] Shutting down plugin 'partition'
2015-12-10 22:37:25 12233 [Note] Shutting down plugin 'PERFORMANCE_SCHEMA'
2015-12-10 22:37:25 12233 [Note] Shutting down plugin 'INNODB_SYS_DATAFILES'
2015-12-10 22:37:25 12233 [Note] Shutting down plugin 'INNODB_SYS_TABLESPACES'
2015-12-10 22:37:25 12233 [Note] Shutting down plugin 'INNODB_SYS_FOREIGN_COLS'
2015-12-10 22:37:25 12233 [Note] Shutting down plugin 'INNODB_SYS_FOREIGN'
2015-12-10 22:37:25 12233 [Note] Shutting down plugin 'INNODB_SYS_FIELDS'
2015-12-10 22:37:25 12233 [Note] Shutting down plugin 'INNODB_SYS_COLUMNS'
2015-12-10 22:37:25 12233 [Note] Shutting down plugin 'INNODB_SYS_INDEXES'
2015-12-10 22:37:25 12233 [Note] Shutting down plugin 'INNODB_SYS_TABLESTATS'
2015-12-10 22:37:25 12233 [Note] Shutting down plugin 'INNODB_SYS_TABLES'
2015-12-10 22:37:25 12233 [Note] Shutting down plugin 'INNODB_FT_INDEX_TABLE'
2015-12-10 22:37:25 12233 [Note] Shutting down plugin 'INNODB_FT_INDEX_CACHE'
2015-12-10 22:37:25 12233 [Note] Shutting down plugin 'INNODB_FT_CONFIG'
2015-12-10 22:37:25 12233 [Note] Shutting down plugin 'INNODB_FT_BEING_DELETED'
2015-12-10 22:37:25 12233 [Note] Shutting down plugin 'INNODB_FT_DELETED'
2015-12-10 22:37:25 12233 [Note] Shutting down plugin 'INNODB_FT_DEFAULT_STOPWORD'
2015-12-10 22:37:25 12233 [Note] Shutting down plugin 'INNODB_METRICS'
2015-12-10 22:37:25 12233 [Note] Shutting down plugin 'INNODB_BUFFER_POOL_STATS'
2015-12-10 22:37:25 12233 [Note] Shutting down plugin 'INNODB_BUFFER_PAGE_LRU'
2015-12-10 22:37:25 12233 [Note] Shutting down plugin 'INNODB_BUFFER_PAGE'
2015-12-10 22:37:25 12233 [Note] Shutting down plugin 'INNODB_CMP_PER_INDEX_RESET'
2015-12-10 22:37:25 12233 [Note] Shutting down plugin 'INNODB_CMP_PER_INDEX'
2015-12-10 22:37:25 12233 [Note] Shutting down plugin 'INNODB_CMPMEM_RESET'
2015-12-10 22:37:25 12233 [Note] Shutting down plugin 'INNODB_CMPMEM'
2015-12-10 22:37:25 12233 [Note] Shutting down plugin 'INNODB_CMP_RESET'
2015-12-10 22:37:25 12233 [Note] Shutting down plugin 'INNODB_CMP'
2015-12-10 22:37:25 12233 [Note] Shutting down plugin 'INNODB_LOCK_WAITS'
2015-12-10 22:37:25 12233 [Note] Shutting down plugin 'INNODB_LOCKS'
2015-12-10 22:37:25 12233 [Note] Shutting down plugin 'INNODB_TRX'
2015-12-10 22:37:25 12233 [Note] Shutting down plugin 'InnoDB'
2015-12-10 22:37:25 12233 [Note] InnoDB: FTS optimize thread exiting.
2015-12-10 22:37:25 12233 [Note] InnoDB: Starting shutdown...
2015-12-10 22:37:26 12233 [Note] InnoDB: Shutdown completed; log sequence number 1626007
2015-12-10 22:37:26 12233 [Note] Shutting down plugin 'BLACKHOLE'
2015-12-10 22:37:26 12233 [Note] Shutting down plugin 'ARCHIVE'
2015-12-10 22:37:26 12233 [Note] Shutting down plugin 'MRG_MYISAM'
2015-12-10 22:37:26 12233 [Note] Shutting down plugin 'MyISAM'
2015-12-10 22:37:26 12233 [Note] Shutting down plugin 'MEMORY'
2015-12-10 22:37:26 12233 [Note] Shutting down plugin 'CSV'
2015-12-10 22:37:26 12233 [Note] Shutting down plugin 'sha256_password'
2015-12-10 22:37:26 12233 [Note] Shutting down plugin 'mysql_old_password'
2015-12-10 22:37:26 12233 [Note] Shutting down plugin 'mysql_native_password'
2015-12-10 22:37:26 12233 [Note] Shutting down plugin 'binlog'
2015-12-10 22:37:26 12233 [Note] /Applications/mampstack-5.5.30-1-deskka/mysql/bin/mysqld.bin: Shutdown complete

151210 22:37:26 mysqld_safe mysqld from pid file /Applications/mampstack-5.5.30-1-deskka/mysql/data/mysqld.pid ended
151215 12:18:05 mysqld_safe Starting mysqld.bin daemon with databases from /Applications/mampstack-5.5.30-1-deskka/mysql/data
2015-12-15 12:18:05 0 [Warning] TIMESTAMP with implicit DEFAULT value is deprecated. Please use --explicit_defaults_for_timestamp server option (see documentation for more details).
2015-12-15 12:18:05 0 [Note] /Applications/mampstack-5.5.30-1-deskka/mysql/bin/mysqld.bin (mysqld 5.6.26) starting as process 29941 ...
2015-12-15 12:18:05 29941 [Note] Plugin 'FEDERATED' is disabled.
2015-12-15 12:18:05 29941 [Note] InnoDB: Using atomics to ref count buffer pool pages
2015-12-15 12:18:05 29941 [Note] InnoDB: The InnoDB memory heap is disabled
2015-12-15 12:18:05 29941 [Note] InnoDB: Mutexes and rw_locks use GCC atomic builtins
2015-12-15 12:18:05 29941 [Note] InnoDB: Memory barrier is not used
2015-12-15 12:18:05 29941 [Note] InnoDB: Compressed tables use zlib 1.2.6
2015-12-15 12:18:05 29941 [Note] InnoDB: Using CPU crc32 instructions
2015-12-15 12:18:05 29941 [Note] InnoDB: Initializing buffer pool, size = 128.0M
2015-12-15 12:18:05 29941 [Note] InnoDB: Completed initialization of buffer pool
2015-12-15 12:18:05 29941 [Note] InnoDB: Highest supported file format is Barracuda.
2015-12-15 12:18:05 29941 [Note] InnoDB: 128 rollback segment(s) are active.
2015-12-15 12:18:05 29941 [Note] InnoDB: Waiting for purge to start
2015-12-15 12:18:05 29941 [Note] InnoDB: 5.6.26 started; log sequence number 1626007
2015-12-15 12:18:05 29941 [Note] RSA private key file not found: /Applications/mampstack-5.5.30-1-deskka/mysql/data//private_key.pem. Some authentication plugins will not work.
2015-12-15 12:18:05 29941 [Note] RSA public key file not found: /Applications/mampstack-5.5.30-1-deskka/mysql/data//public_key.pem. Some authentication plugins will not work.
2015-12-15 12:18:05 29941 [Note] Server hostname (bind-address): '127.0.0.1'; port: 3306
2015-12-15 12:18:05 29941 [Note]   - '127.0.0.1' resolves to '127.0.0.1';
2015-12-15 12:18:05 29941 [Note] Server socket created on IP: '127.0.0.1'.
2015-12-15 12:18:06 29941 [Note] Event Scheduler: Loaded 0 events
2015-12-15 12:18:06 29941 [Note] /Applications/mampstack-5.5.30-1-deskka/mysql/bin/mysqld.bin: ready for connections.
Version: '5.6.26'  socket: '/Applications/mampstack-5.5.30-1-deskka/mysql/tmp/mysql.sock'  port: 3306  Source distribution
2015-12-16 01:17:15 29941 [Note] /Applications/mampstack-5.5.30-1-deskka/mysql/bin/mysqld.bin: Normal shutdown

2015-12-16 01:17:15 29941 [Note] Giving 0 client threads a chance to die gracefully
2015-12-16 01:17:15 29941 [Note] Event Scheduler: Purging the queue. 0 events
2015-12-16 01:17:15 29941 [Note] Shutting down slave threads
2015-12-16 01:17:15 29941 [Note] Forcefully disconnecting 0 remaining clients
2015-12-16 01:17:15 29941 [Note] Binlog end
2015-12-16 01:17:15 29941 [Note] Shutting down plugin 'partition'
2015-12-16 01:17:15 29941 [Note] Shutting down plugin 'PERFORMANCE_SCHEMA'
2015-12-16 01:17:15 29941 [Note] Shutting down plugin 'INNODB_SYS_DATAFILES'
2015-12-16 01:17:15 29941 [Note] Shutting down plugin 'INNODB_SYS_TABLESPACES'
2015-12-16 01:17:15 29941 [Note] Shutting down plugin 'INNODB_SYS_FOREIGN_COLS'
2015-12-16 01:17:15 29941 [Note] Shutting down plugin 'INNODB_SYS_FOREIGN'
2015-12-16 01:17:15 29941 [Note] Shutting down plugin 'INNODB_SYS_FIELDS'
2015-12-16 01:17:15 29941 [Note] Shutting down plugin 'INNODB_SYS_COLUMNS'
2015-12-16 01:17:15 29941 [Note] Shutting down plugin 'INNODB_SYS_INDEXES'
2015-12-16 01:17:15 29941 [Note] Shutting down plugin 'INNODB_SYS_TABLESTATS'
2015-12-16 01:17:15 29941 [Note] Shutting down plugin 'INNODB_SYS_TABLES'
2015-12-16 01:17:15 29941 [Note] Shutting down plugin 'INNODB_FT_INDEX_TABLE'
2015-12-16 01:17:15 29941 [Note] Shutting down plugin 'INNODB_FT_INDEX_CACHE'
2015-12-16 01:17:15 29941 [Note] Shutting down plugin 'INNODB_FT_CONFIG'
2015-12-16 01:17:15 29941 [Note] Shutting down plugin 'INNODB_FT_BEING_DELETED'
2015-12-16 01:17:15 29941 [Note] Shutting down plugin 'INNODB_FT_DELETED'
2015-12-16 01:17:15 29941 [Note] Shutting down plugin 'INNODB_FT_DEFAULT_STOPWORD'
2015-12-16 01:17:15 29941 [Note] Shutting down plugin 'INNODB_METRICS'
2015-12-16 01:17:15 29941 [Note] Shutting down plugin 'INNODB_BUFFER_POOL_STATS'
2015-12-16 01:17:15 29941 [Note] Shutting down plugin 'INNODB_BUFFER_PAGE_LRU'
2015-12-16 01:17:15 29941 [Note] Shutting down plugin 'INNODB_BUFFER_PAGE'
2015-12-16 01:17:15 29941 [Note] Shutting down plugin 'INNODB_CMP_PER_INDEX_RESET'
2015-12-16 01:17:15 29941 [Note] Shutting down plugin 'INNODB_CMP_PER_INDEX'
2015-12-16 01:17:15 29941 [Note] Shutting down plugin 'INNODB_CMPMEM_RESET'
2015-12-16 01:17:15 29941 [Note] Shutting down plugin 'INNODB_CMPMEM'
2015-12-16 01:17:15 29941 [Note] Shutting down plugin 'INNODB_CMP_RESET'
2015-12-16 01:17:15 29941 [Note] Shutting down plugin 'INNODB_CMP'
2015-12-16 01:17:15 29941 [Note] Shutting down plugin 'INNODB_LOCK_WAITS'
2015-12-16 01:17:15 29941 [Note] Shutting down plugin 'INNODB_LOCKS'
2015-12-16 01:17:15 29941 [Note] Shutting down plugin 'INNODB_TRX'
2015-12-16 01:17:15 29941 [Note] Shutting down plugin 'InnoDB'
2015-12-16 01:17:15 29941 [Note] InnoDB: FTS optimize thread exiting.
2015-12-16 01:17:15 29941 [Note] InnoDB: Starting shutdown...
2015-12-16 01:17:16 29941 [Note] InnoDB: Shutdown completed; log sequence number 1863347
2015-12-16 01:17:16 29941 [Note] Shutting down plugin 'BLACKHOLE'
2015-12-16 01:17:16 29941 [Note] Shutting down plugin 'ARCHIVE'
2015-12-16 01:17:16 29941 [Note] Shutting down plugin 'MRG_MYISAM'
2015-12-16 01:17:16 29941 [Note] Shutting down plugin 'MyISAM'
2015-12-16 01:17:16 29941 [Note] Shutting down plugin 'MEMORY'
2015-12-16 01:17:16 29941 [Note] Shutting down plugin 'CSV'
2015-12-16 01:17:16 29941 [Note] Shutting down plugin 'sha256_password'
2015-12-16 01:17:16 29941 [Note] Shutting down plugin 'mysql_old_password'
2015-12-16 01:17:16 29941 [Note] Shutting down plugin 'mysql_native_password'
2015-12-16 01:17:16 29941 [Note] Shutting down plugin 'binlog'
2015-12-16 01:17:16 29941 [Note] /Applications/mampstack-5.5.30-1-deskka/mysql/bin/mysqld.bin: Shutdown complete

151216 01:17:16 mysqld_safe mysqld from pid file /Applications/mampstack-5.5.30-1-deskka/mysql/data/mysqld.pid ended
